[    0.000000] Initializing cgroup subsys cpuset
[    0.000000] Initializing cgroup subsys cpu
[    0.000000] Initializing cgroup subsys cpuacct
[    0.000000] Linux version 4.4.0-171-generic (buildd@lcy01-amd64-018) (gcc version 5.4.0 20160609 (Ubuntu 5.4.0-6ubuntu1~16.04.12) ) #200-Ubuntu SMP Tue Dec 3 11:04:55 UTC 2019 (Ubuntu 4.4.0-171.200-generic 4.4.203)
[    0.000000] Command line: BOOT_IMAGE=/boot/vmlinuz-4.4.0-171-generic root=LABEL=cloudimg-rootfs ro console=tty1 console=ttyS0
[    0.000000] KERNEL supported cpus:
[    0.000000]   Intel GenuineIntel
[    0.000000]   AMD AuthenticAMD
[    0.000000]   Centaur CentaurHauls
[    0.000000] x86/fpu: xstate_offset[2]:  576, xstate_sizes[2]:  256
[    0.000000] x86/fpu: Supporting XSAVE feature 0x01: 'x87 floating point registers'
[    0.000000] x86/fpu: Supporting XSAVE feature 0x02: 'SSE registers'
[    0.000000] x86/fpu: Supporting XSAVE feature 0x04: 'AVX registers'
[    0.000000] x86/fpu: Enabled xstate features 0x7, context size is 832 bytes, using 'standard' format.
[    0.000000] e820: BIOS-provided physical RAM map:
[    0.000000] BIOS-e820: [mem 0x0000000000000000-0x000000000009fbff] usable
[    0.000000] BIOS-e820: [mem 0x000000000009fc00-0x000000000009ffff] reserved
[    0.000000] BIOS-e820: [mem 0x00000000000f0000-0x00000000000fffff] reserved
[    0.000000] BIOS-e820: [mem 0x0000000000100000-0x000000003ffeffff] usable
[    0.000000] BIOS-e820: [mem 0x000000003fff0000-0x000000003fffffff] ACPI data
[    0.000000] BIOS-e820: [mem 0x00000000fec00000-0x00000000fec00fff] reserved
[    0.000000] BIOS-e820: [mem 0x00000000fee00000-0x00000000fee00fff] reserved
[    0.000000] BIOS-e820: [mem 0x00000000fffc0000-0x00000000ffffffff] reserved
[    0.000000] NX (Execute Disable) protection: active
[    0.000000] SMBIOS 2.5 present.
[    0.000000] Hypervisor detected: KVM
[    0.000000] e820: last_pfn = 0x3fff0 max_arch_pfn = 0x400000000
[    0.000000] MTRR: Disabled
[    0.000000] x86/PAT: MTRRs disabled, skipping PAT initialization too.
[    0.000000] CPU MTRRs all blank - virtualized system.
[    0.000000] x86/PAT: Configuration [0-7]: WB  WT  UC- UC  WB  WT  UC- UC  
[    0.000000] found SMP MP-table at [mem 0x0009fff0-0x0009ffff] mapped at [ffff88000009fff0]
[    0.000000] Scanning 1 areas for low memory corruption
[    0.000000] RAMDISK: [mem 0x361c6000-0x370dafff]
[    0.000000] ACPI: Early table checksum verification disabled
[    0.000000] ACPI: RSDP 0x00000000000E0000 000024 (v02 VBOX  )
[    0.000000] ACPI: XSDT 0x000000003FFF0030 00003C (v01 VBOX   VBOXXSDT 00000001 ASL  00000061)
[    0.000000] ACPI: FACP 0x000000003FFF00F0 0000F4 (v04 VBOX   VBOXFACP 00000001 ASL  00000061)
[    0.000000] ACPI: DSDT 0x000000003FFF0470 0022EA (v02 VBOX   VBOXBIOS 00000002 INTL 20100528)
[    0.000000] ACPI: FACS 0x000000003FFF0200 000040
[    0.000000] ACPI: FACS 0x000000003FFF0200 000040
[    0.000000] ACPI: APIC 0x000000003FFF0240 00005C (v02 VBOX   VBOXAPIC 00000001 ASL  00000061)
[    0.000000] ACPI: SSDT 0x000000003FFF02A0 0001CC (v01 VBOX   VBOXCPUT 00000002 INTL 20100528)
[    0.000000] No NUMA configuration found
[    0.000000] Faking a node at [mem 0x0000000000000000-0x000000003ffeffff]
[    0.000000] NODE_DATA(0) allocated [mem 0x3ffeb000-0x3ffeffff]
[    0.000000] kvm-clock: Using msrs 4b564d01 and 4b564d00
[    0.000000] kvm-clock: cpu 0, msr 0:3ffe3001, primary cpu clock
[    0.000000] kvm-clock: using sched offset of 3345535769 cycles
[    0.000000] clocksource: kvm-clock: mask: 0xffffffffffffffff max_cycles: 0x1cd42e4dffb, max_idle_ns: 881590591483 ns
[    0.000000] Zone ranges:
[    0.000000]   DMA      [mem 0x0000000000001000-0x0000000000ffffff]
[    0.000000]   DMA32    [mem 0x0000000001000000-0x000000003ffeffff]
[    0.000000]   Normal   empty
[    0.000000]   Device   empty
[    0.000000] Movable zone start for each node
[    0.000000] Early memory node ranges
[    0.000000]   node   0: [mem 0x0000000000001000-0x000000000009efff]
[    0.000000]   node   0: [mem 0x0000000000100000-0x000000003ffeffff]
[    0.000000] Initmem setup node 0 [mem 0x0000000000001000-0x000000003ffeffff]
[    0.000000] ACPI: PM-Timer IO Port: 0x4008
[    0.000000] IOAPIC[0]: apic_id 2, version 32, address 0xfec00000, GSI 0-23
[    0.000000] ACPI: INT_SRC_OVR (bus 0 bus_irq 0 global_irq 2 dfl dfl)
[    0.000000] ACPI: INT_SRC_OVR (bus 0 bus_irq 9 global_irq 9 low level)
[    0.000000] Using ACPI (MADT) for SMP configuration information
[    0.000000] smpboot: Allowing 2 CPUs, 0 hotplug CPUs
[    0.000000] PM: Registered nosave memory: [mem 0x00000000-0x00000fff]
[    0.000000] PM: Registered nosave memory: [mem 0x0009f000-0x0009ffff]
[    0.000000] PM: Registered nosave memory: [mem 0x000a0000-0x000effff]
[    0.000000] PM: Registered nosave memory: [mem 0x000f0000-0x000fffff]
[    0.000000] e820: [mem 0x40000000-0xfebfffff] available for PCI devices
[    0.000000] Booting paravirtualized kernel on KVM
[    0.000000] clocksource: refined-jiffies: mask: 0xffffffff max_cycles: 0xffffffff, max_idle_ns: 7645519600211568 ns
[    0.000000] setup_percpu: NR_CPUS:512 nr_cpumask_bits:512 nr_cpu_ids:2 nr_node_ids:1
[    0.000000] PERCPU: Embedded 33 pages/cpu @ffff88003fc00000 s95448 r8192 d31528 u1048576
[    0.000000] Built 1 zonelists in Node order, mobility grouping on.  Total pages: 257912
[    0.000000] Policy zone: DMA32
[    0.000000] Kernel command line: BOOT_IMAGE=/boot/vmlinuz-4.4.0-171-generic root=LABEL=cloudimg-rootfs ro console=tty1 console=ttyS0
[    0.000000] PID hash table entries: 4096 (order: 3, 32768 bytes)
[    0.000000] Memory: 997112K/1048120K available (8626K kernel code, 1336K rwdata, 4032K rodata, 1488K init, 1288K bss, 51008K reserved, 0K cma-reserved)
[    0.000000] SLUB: HWalign=64, Order=0-3, MinObjects=0, CPUs=2, Nodes=1
[    0.000000] Kernel/User page tables isolation: enabled
[    0.000000] Hierarchical RCU implementation.
[    0.000000] 	Build-time adjustment of leaf fanout to 64.
[    0.000000] 	RCU restricting CPUs from NR_CPUS=512 to nr_cpu_ids=2.
[    0.000000] RCU: Adjusting geometry for rcu_fanout_leaf=64, nr_cpu_ids=2
[    0.000000] NR_IRQS:33024 nr_irqs:440 16
[    0.000000] Console: colour VGA+ 80x25
[    0.000000] console [tty1] enabled
[    0.000000] console [ttyS0] enabled
[    0.000000] tsc: Detected 2303.998 MHz processor
[    0.133746] Calibrating delay loop (skipped) preset value.. 4607.99 BogoMIPS (lpj=9215992)
[    0.135218] pid_max: default: 32768 minimum: 301
[    0.136020] ACPI: Core revision 20150930
[    0.137338] ACPI: 2 ACPI AML tables successfully acquired and loaded
[    0.138496] Security Framework initialized
[    0.139224] Yama: becoming mindful.
[    0.139880] AppArmor: AppArmor initialized
[    0.140659] Dentry cache hash table entries: 131072 (order: 8, 1048576 bytes)
[    0.142856] Inode-cache hash table entries: 65536 (order: 7, 524288 bytes)
[    0.144577] Mount-cache hash table entries: 2048 (order: 2, 16384 bytes)
[    0.146121] Mountpoint-cache hash table entries: 2048 (order: 2, 16384 bytes)
[    0.147691] Initializing cgroup subsys io
[    0.148732] Initializing cgroup subsys memory
[    0.149500] Initializing cgroup subsys devices
[    0.150382] Initializing cgroup subsys freezer
[    0.151160] Initializing cgroup subsys net_cls
[    0.151932] Initializing cgroup subsys perf_event
[    0.152741] Initializing cgroup subsys net_prio
[    0.153529] Initializing cgroup subsys hugetlb
[    0.154365] Initializing cgroup subsys pids
[    0.156107] mce: CPU supports 0 MCE banks
[    0.156845] Last level iTLB entries: 4KB 64, 2MB 8, 4MB 8
[    0.157758] Last level dTLB entries: 4KB 64, 2MB 0, 4MB 0, 1GB 4
[    0.158794] Spectre V1 : Mitigation: usercopy/swapgs barriers and __user pointer sanitization
[    0.160937] Spectre V2 : Mitigation: Full generic retpoline
[    0.162846] Spectre V2 : Spectre v2 / SpectreRSB mitigation: Filling RSB on context switch
[    0.164676] Speculative Store Bypass: Vulnerable
[    0.165553] MDS: Mitigation: Clear CPU buffers
[    0.168345] Freeing SMP alternatives memory: 36K
[    0.173651] ftrace: allocating 32302 entries in 127 pages
[    0.222678] smpboot: APIC(0) Converting physical 0 to logical package 0
[    0.224249] smpboot: Max logical packages: 1
[    0.225171] x2apic enabled
[    0.225882] Switched APIC routing to physical x2apic.
[    0.228401] ..TIMER: vector=0x30 apic1=0 pin1=2 apic2=-1 pin2=-1
[    0.338429] smpboot: CPU0: Intel(R) Core(TM) i9-9880H CPU @ 2.30GHz (family: 0x6, model: 0x9e, stepping: 0xd)
[    0.340663] Performance Events: unsupported p6 CPU model 158 no PMU driver, software events only.
[    0.350716] KVM setup paravirtual spinlock
[    0.352293] x86: Booting SMP configuration:
[    0.353136] .... node  #0, CPUs:      #1
[    0.354251] kvm-clock: cpu 1, msr 0:3ffe3041, secondary cpu clock
[    0.356045] mce: CPU supports 0 MCE banks
[    0.358562] x86: Booted up 1 node, 2 CPUs
[    0.359763] smpboot: Total of 2 processors activated (9215.99 BogoMIPS)
[    0.362123] devtmpfs: initialized
[    0.364885] evm: security.selinux
[    0.365920] evm: security.SMACK64
[    0.366888] evm: security.SMACK64EXEC
[    0.367559] evm: security.SMACK64TRANSMUTE
[    0.368283] evm: security.SMACK64MMAP
[    0.368949] evm: security.ima
[    0.369543] evm: security.capability
[    0.370408] clocksource: jiffies: mask: 0xffffffff max_cycles: 0xffffffff, max_idle_ns: 7645041785100000 ns
[    0.372098] futex hash table entries: 512 (order: 3, 32768 bytes)
[    0.373230] pinctrl core: initialized pinctrl subsystem
[    0.374241] RTC time:  7:17:20, date: 01/21/20
[    0.375171] NET: Registered protocol family 16
[    0.386659] cpuidle: using governor ladder
[    0.398609] cpuidle: using governor menu
[    0.399521] PCCT header not found.
[    0.400291] ACPI: bus type PCI registered
[    0.401048] acpiphp: ACPI Hot Plug PCI Controller Driver version: 0.5
[    0.402289] PCI: Using configuration type 1 for base access
[    0.414696] ACPI: Added _OSI(Module Device)
[    0.415773] ACPI: Added _OSI(Processor Device)
[    0.416718] ACPI: Added _OSI(3.0 _SCP Extensions)
[    0.417689] ACPI: Added _OSI(Processor Aggregator Device)
[    0.419516] ACPI: Executed 1 blocks of module-level executable AML code
[    0.422624] ACPI: Interpreter enabled
[    0.423767] ACPI: (supports S0 S5)
[    0.424433] ACPI: Using IOAPIC for interrupt routing
[    0.425491] PCI: Using host bridge windows from ACPI; if necessary, use "pci=nocrs" and report a bug
[    0.431918] ACPI: PCI Root Bridge [PCI0] (domain 0000 [bus 00-ff])
[    0.433241] acpi PNP0A03:00: _OSC: OS supports [ASPM ClockPM Segments MSI]
[    0.434837] acpi PNP0A03:00: _OSC: not requesting OS control; OS requires [ExtendedConfig ASPM ClockPM MSI]
[    0.436975] acpi PNP0A03:00: fail to add MMCONFIG information, can't access extended PCI configuration space under this bridge.
[    0.439587] PCI host bridge to bus 0000:00
[    0.440706] pci_bus 0000:00: root bus resource [io  0x0000-0x0cf7 window]
[    0.442486] pci_bus 0000:00: root bus resource [io  0x0d00-0xffff window]
[    0.443672] pci_bus 0000:00: root bus resource [mem 0x000a0000-0x000bffff window]
[    0.445642] pci_bus 0000:00: root bus resource [mem 0x40000000-0xfdffffff window]
[    0.447149] pci_bus 0000:00: root bus resource [bus 00-ff]
[    0.450438] pci 0000:00:01.1: legacy IDE quirk: reg 0x10: [io  0x01f0-0x01f7]
[    0.451674] pci 0000:00:01.1: legacy IDE quirk: reg 0x14: [io  0x03f6]
[    0.452732] pci 0000:00:01.1: legacy IDE quirk: reg 0x18: [io  0x0170-0x0177]
[    0.453874] pci 0000:00:01.1: legacy IDE quirk: reg 0x1c: [io  0x0376]
[    0.472268] pci 0000:00:07.0: quirk: [io  0x4000-0x403f] claimed by PIIX4 ACPI
[    0.474419] pci 0000:00:07.0: quirk: [io  0x4100-0x410f] claimed by PIIX4 SMB
[    0.479874] ACPI: PCI Interrupt Link [LNKA] (IRQs 5 9 10 *11)
[    0.482188] ACPI: PCI Interrupt Link [LNKB] (IRQs 5 9 *10 11)
[    0.483456] ACPI: PCI Interrupt Link [LNKC] (IRQs 5 *9 10 11)
[    0.484724] ACPI: PCI Interrupt Link [LNKD] (IRQs 5 9 10 *11)
[    0.486102] ACPI: Enabled 2 GPEs in block 00 to 07
[    0.487204] vgaarb: setting as boot device: PCI:0000:00:02.0
[    0.488186] vgaarb: device added: PCI:0000:00:02.0,decodes=io+mem,owns=io+mem,locks=none
[    0.489988] vgaarb: loaded
[    0.490536] vgaarb: bridge control possible 0000:00:02.0
[    0.491596] SCSI subsystem initialized
[    0.492390] ACPI: bus type USB registered
[    0.493222] usbcore: registered new interface driver usbfs
[    0.495427] usbcore: registered new interface driver hub
[    0.496878] usbcore: registered new device driver usb
[    0.498000] PCI: Using ACPI for IRQ routing
[    0.499056] NetLabel: Initializing
[    0.499760] NetLabel:  domain hash size = 128
[    0.500551] NetLabel:  protocols = UNLABELED CIPSOv4
[    0.502456] NetLabel:  unlabeled traffic allowed by default
[    0.503621] amd_nb: Cannot enumerate AMD northbridges
[    0.504531] clocksource: Switched to clocksource kvm-clock
[    0.511160] AppArmor: AppArmor Filesystem Enabled
[    0.512577] pnp: PnP ACPI init
[    0.514412] pnp: PnP ACPI: found 3 devices
[    0.523318] clocksource: acpi_pm: mask: 0xffffff max_cycles: 0xffffff, max_idle_ns: 2085701024 ns
[    0.525364] NET: Registered protocol family 2
[    0.526471] TCP established hash table entries: 8192 (order: 4, 65536 bytes)
[    0.528157] TCP bind hash table entries: 8192 (order: 5, 131072 bytes)
[    0.529841] TCP: Hash tables configured (established 8192 bind 8192)
[    0.530944] UDP hash table entries: 512 (order: 2, 16384 bytes)
[    0.532096] UDP-Lite hash table entries: 512 (order: 2, 16384 bytes)
[    0.533209] NET: Registered protocol family 1
[    0.534007] pci 0000:00:00.0: Limiting direct PCI/PCI transfers
[    0.535385] pci 0000:00:01.0: Activating ISA DMA hang workarounds
[    0.536972] Unpacking initramfs...
[    0.735089] Freeing initrd memory: 15444K
[    0.736170] clocksource: tsc: mask: 0xffffffffffffffff max_cycles: 0x2135f5e6f15, max_idle_ns: 440795231538 ns
[    0.738415] platform rtc_cmos: registered platform RTC device (no PNP device found)
[    0.739981] Scanning for low memory corruption every 60 seconds
[    0.741631] audit: initializing netlink subsys (disabled)
[    0.742605] audit: type=2000 audit(1579591046.228:1): initialized
[    0.744200] Initialise system trusted keyring
[    0.745926] HugeTLB registered 2 MB page size, pre-allocated 0 pages
[    0.748309] zbud: loaded
[    0.749164] VFS: Disk quotas dquot_6.6.0
[    0.750050] VFS: Dquot-cache hash table entries: 512 (order 0, 4096 bytes)
[    0.751377] squashfs: version 4.0 (2009/01/31) Phillip Lougher
[    0.752649] fuse init (API version 7.23)
[    0.753542] Key type big_key registered
[    0.754310] Allocating IMA MOK and blacklist keyrings.
[    0.756177] Key type asymmetric registered
[    0.756992] Asymmetric key parser 'x509' registered
[    0.758084] Block layer SCSI generic (bsg) driver version 0.4 loaded (major 249)
[    0.759539] io scheduler noop registered
[    0.760433] io scheduler deadline registered (default)
[    0.761806] io scheduler cfq registered
[    0.762649] pci_hotplug: PCI Hot Plug PCI Core version: 0.5
[    0.763708] pciehp: PCI Express Hot Plug Controller Driver version: 0.4
[    0.765305] ACPI: AC Adapter [AC] (off-line)
[    0.766166] input: Power Button as /devices/LNXSYSTM:00/LNXPWRBN:00/input/input0
[    0.767593] ACPI: Power Button [PWRF]
[    0.768382] input: Sleep Button as /devices/LNXSYSTM:00/LNXSLPBN:00/input/input1
[    0.769848] ACPI: Sleep Button [SLPF]
[    0.770722] GHES: HEST is not enabled!
[    0.771531] ACPI: Battery Slot [BAT0] (battery present)
[    0.772745] Serial: 8250/16550 driver, 32 ports, IRQ sharing enabled
[    0.794413] 00:02: ttyS0 at I/O 0x3f8 (irq = 4, base_baud = 115200) is a 16550A
[    0.798247] Linux agpgart interface v0.103
[    0.801310] loop: module loaded
[    0.802476] scsi host0: ata_piix
[    0.803173] scsi host1: ata_piix
[    0.803805] ata1: PATA max UDMA/33 cmd 0x1f0 ctl 0x3f6 bmdma 0xd000 irq 14
[    0.804943] ata2: PATA max UDMA/33 cmd 0x170 ctl 0x376 bmdma 0xd008 irq 15
[    0.806119] libphy: Fixed MDIO Bus: probed
[    0.806930] tun: Universal TUN/TAP device driver, 1.6
[    0.807814] tun: (C) 1999-2004 Max Krasnyansky <maxk@qualcomm.com>
[    0.808967] PPP generic driver version 2.4.2
[    0.810359] ehci_hcd: USB 2.0 'Enhanced' Host Controller (EHCI) Driver
[    0.811982] ehci-pci: EHCI PCI platform driver
[    0.812904] ehci-platform: EHCI generic platform driver
[    0.813871] ohci_hcd: USB 1.1 'Open' Host Controller (OHCI) Driver
[    0.815306] ohci-pci: OHCI PCI platform driver
[    0.816100] ohci-platform: OHCI generic platform driver
[    0.817036] uhci_hcd: USB Universal Host Controller Interface driver
[    0.818132] i8042: PNP: PS/2 Controller [PNP0303:PS2K,PNP0f03:PS2M] at 0x60,0x64 irq 1,12
[    0.820063] serio: i8042 KBD port at 0x60,0x64 irq 1
[    0.821363] serio: i8042 AUX port at 0x60,0x64 irq 12
[    0.822563] mousedev: PS/2 mouse device common for all mice
[    0.823879] input: AT Translated Set 2 keyboard as /devices/platform/i8042/serio0/input/input2
[    0.825702] rtc_cmos rtc_cmos: rtc core: registered rtc_cmos as rtc0
[    0.827051] rtc_cmos rtc_cmos: alarms up to one day, 114 bytes nvram
[    0.828745] i2c /dev entries driver
[    0.829508] device-mapper: uevent: version 1.0.3
[    0.830605] device-mapper: ioctl: 4.34.0-ioctl (2015-10-28) initialised: dm-devel@redhat.com
[    0.832179] ledtrig-cpu: registered to indicate activity on CPUs
[    0.833498] NET: Registered protocol family 10
[    0.834424] NET: Registered protocol family 17
[    0.835214] Key type dns_resolver registered
[    0.836247] registered taskstats version 1
[    0.837022] Loading compiled-in X.509 certificates
[    0.838231] Loaded X.509 cert 'Build time autogenerated kernel key: e951a32ceec0422669d36e9913b2c7dea5e0a587'
[    0.839929] zswap: loaded using pool lzo/zbud
[    0.842372] Key type trusted registered
[    0.846427] Key type encrypted registered
[    0.847304] AppArmor: AppArmor sha1 policy hashing enabled
[    0.848226] ima: No TPM chip found, activating TPM-bypass!
[    0.849334] ima: Allocated hash algorithm: sha1
[    0.850147] evm: HMAC attrs: 0x1
[    0.851055]   Magic number: 4:8:269
[    0.851770] rtc_cmos rtc_cmos: setting system clock to 2020-01-21 07:17:21 UTC (1579591041)
[    0.853370] BIOS EDD facility v0.16 2004-Jun-25, 0 devices found
[    0.854368] EDD information not available.
[    0.961864] Freeing unused kernel memory: 1488K
[    0.963076] Write protecting the kernel read-only data: 14336k
[    0.964902] Freeing unused kernel memory: 1604K
[    0.965849] Freeing unused kernel memory: 64K
Loading, please wait...
starting version 229
[    0.974936] random: systemd-udevd: uninitialized urandom read (16 bytes read, 3 bits of entropy available)
[    0.975375] random: udevadm: uninitialized urandom read (16 bytes read, 3 bits of entropy available)
[    0.975388] random: udevadm: uninitialized urandom read (16 bytes read, 3 bits of entropy available)
[    0.981953] random: systemd-udevd: uninitialized urandom read (16 bytes read, 3 bits of entropy available)
[    0.982276] random: udevadm: uninitialized urandom read (16 bytes read, 3 bits of entropy available)
[    0.982308] random: udevadm: uninitialized urandom read (16 bytes read, 3 bits of entropy available)
[    0.982393] random: udevadm: uninitialized urandom read (16 bytes read, 3 bits of entropy available)
[    0.982424] random: udevadm: uninitialized urandom read (16 bytes read, 3 bits of entropy available)
[    0.982456] random: udevadm: uninitialized urandom read (16 bytes read, 3 bits of entropy available)
[    0.982487] random: udevadm: uninitialized urandom read (16 bytes read, 3 bits of entropy available)
[    1.013958] Fusion MPT base driver 3.04.20
[    1.015485] Copyright (c) 1999-2008 LSI Corporation
[    1.016672] e1000: Intel(R) PRO/1000 Network Driver - version 7.3.21-k8-NAPI
[    1.017877] e1000: Copyright (c) 1999-2006 Intel Corporation.
[    1.023267] [drm] Initialized drm 1.1.0 20060810
[    1.029484] Fusion MPT SPI Host driver 3.04.20
[    1.041746] AVX2 version of gcm_enc/dec engaged.
[    1.042733] AES CTR mode by8 optimization enabled
[    1.044921] vboxvideo: loading out-of-tree module taints kernel.
[    1.061371] vboxvideo: module verification failed: signature and/or required key missing - tainting kernel
[    1.233207] input: ImExPS/2 Generic Explorer Mouse as /devices/platform/i8042/serio1/input/input4
[    1.402053] e1000 0000:00:03.0 eth0: (PCI:33MHz:32-bit) 02:e4:c4:97:dc:06
[    1.403777] e1000 0000:00:03.0 eth0: Intel(R) PRO/1000 Network Connection
[    1.405728] mptbase: ioc0: Initiating bringup
[    1.405955] e1000 0000:00:03.0 enp0s3: renamed from eth0
[    1.737650] ioc0: LSI53C1030 A0: Capabilities={Initiator}
[    2.564526] scsi host2: ioc0: LSI53C1030 A0, FwRev=00000000h, Ports=1, MaxQ=256, IRQ=20
[    2.807897] scsi 2:0:0:0: Direct-Access     VBOX     HARDDISK         1.0  PQ: 0 ANSI: 5
[    2.811081] scsi target2:0:0: Beginning Domain Validation
[    2.813147] [drm] VRAM 01000000
[    2.814162] [TTM] Zone  kernel: Available graphics memory: 507874 kiB
[    2.815483] [TTM] Initializing pool allocator
[    2.816403] [TTM] Initializing DMA pool allocator
[    2.818860] scsi target2:0:0: Domain Validation skipping write tests
[    2.827828] scsi target2:0:0: Ending Domain Validation
[    2.829756] fbcon: vboxdrmfb (fb0) is primary device
[    2.834297] Console: switching to colour frame buffer device 100x37
[    2.836749] vboxvideo 0000:00:02.0: fb0: vboxdrmfb frame buffer device
[    2.837829] scsi target2:0:0: asynchronous
[    2.838610] scsi 2:0:1:0: Direct-Access     VBOX     HARDDISK         1.0  PQ: 0 ANSI: 5
[    2.839723] scsi target2:0:1: Beginning Domain Validation
[    2.841050] scsi target2:0:1: Domain Validation skipping write tests
[    2.841826] scsi target2:0:1: Ending Domain Validation
[    2.842479] scsi target2:0:1: asynchronous
[    2.848179] sd 2:0:0:0: Attached scsi generic sg0 type 0
[    2.849104] sd 2:0:1:0: Attached scsi generic sg1 type 0
[    2.849206] sd 2:0:0:0: [sda] 20971520 512-byte logical blocks: (10.7 GB/10.0 GiB)
[    2.850812] sd 2:0:1:0: [sdb] 20480 512-byte logical blocks: (10.5 MB/10.0 MiB)
[    2.851979] sd 2:0:0:0: [sda] Write Protect is off
[    2.852864] sd 2:0:1:0: [sdb] Write Protect is off
[    2.853628] sd 2:0:0:0: [sda] Incomplete mode parameter data
[    2.854501] sd 2:0:0:0: [sda] Assuming drive cache: write through
[    2.855487] sd 2:0:1:0: [sdb] Incomplete mode parameter data
[    2.856347] sd 2:0:1:0: [sdb] Assuming drive cache: write through
[    2.856563] [drm] Initialized vboxvideo 1.0.0 20130823 for 0000:00:02.0 on minor 0
[    2.858900]  sda: sda1
[    2.860510] sd 2:0:0:0: [sda] Attached SCSI disk
[    2.863261] sd 2:0:1:0: [sdb] Attached SCSI disk
Begin: Loading essential drivers ... [    2.920688] md: linear personality registered for level -1
[    2.923900] md: multipath personality registered for level -4
[    2.927314] md: raid0 personality registered for level 0
[    2.931939] md: raid1 personality registered for level 1
[    3.001040] raid6: sse2x1   gen() 12215 MB/s
[    3.069042] raid6: sse2x1   xor()  8304 MB/s
[    3.136762] raid6: sse2x2   gen() 17082 MB/s
[    3.204730] raid6: sse2x2   xor() 10629 MB/s
[    3.272723] raid6: sse2x4   gen() 18132 MB/s
[    3.340790] raid6: sse2x4   xor() 11513 MB/s
[    3.408763] raid6: avx2x1   gen() 24706 MB/s
[    3.476756] raid6: avx2x2   gen() 31790 MB/s
[    3.544578] raid6: avx2x4   gen() 34781 MB/s
[    3.545752] raid6: using algorithm avx2x4 gen() 34781 MB/s
[    3.546858] raid6: using avx2x2 recovery algorithm
[    3.549545] xor: automatically using best checksumming function:
[    3.592201]    avx       : 50724.000 MB/sec
[    3.595396] async_tx: api initialized (async)
[    3.603564] md: raid6 personality registered for level 6
[    3.604875] md: raid5 personality registered for level 5
[    3.606143] md: raid4 personality registered for level 4
[    3.612278] md: raid10 personality registered for level 10
done.
Begin: Running /scripts/init-premount ... done.
Begin: Mounting root file system ... Begin: Running /scripts/local-top ... done.
Begin: Running /scripts/local-premount ... [    3.635354] Btrfs loaded
Scanning for Btrfs filesystems
done.
Warning: fsck not present, so skipping root file system
[    3.656202] EXT4-fs (sda1): mounted filesystem with ordered data mode. Opts: (null)
done.
Begin: Running /scripts/local-bottom ... done.
Begin: Running /scripts/init-bottom ... done.
[    3.721324] systemd[1]: systemd 229 running in system mode. (+PAM +AUDIT +SELINUX +IMA +APPARMOR +SMACK +SYSVINIT +UTMP +LIBCRYPTSETUP +GCRYPT +GNUTLS +ACL +XZ -LZ4 +SECCOMP +BLKID +ELFUTILS +KMOD -IDN)
[    3.725093] systemd[1]: Detected virtualization oracle.
[    3.726035] systemd[1]: Detected architecture x86-64.

Welcome to [1mUbuntu 16.04.6 LTS[0m!

[    3.729302] systemd[1]: Set hostname to <ctf-tools>.
[    3.804234] systemd[1]: Started Forward Password Requests to Wall Directory Watch.
[[0;32m  OK  [0m] Started Forward Password Requests to Wall Directory Watch.
[    3.806783] systemd[1]: Listening on /dev/initctl Compatibility Named Pipe.
[[0;32m  OK  [0m] Listening on /dev/initctl Compatibility Named Pipe.
[    3.809114] systemd[1]: Listening on LVM2 metadata daemon socket.
[[0;32m  OK  [0m] Listening on LVM2 metadata daemon socket.
[    3.816820] systemd[1]: Listening on Journal Socket (/dev/log).
[[0;32m  OK  [0m] Listening on Journal Socket (/dev/log).
[    3.825469] systemd[1]: Listening on LVM2 poll daemon socket.
[[0;32m  OK  [0m] Listening on LVM2 poll daemon socket.
[    3.836729] systemd[1]: Reached target Encrypted Volumes.
[[0;32m  OK  [0m] Reached target Encrypted Volumes.
[    3.840133] systemd[1]: Reached target System Time Synchronized.
[[0;32m  OK  [0m] Reached target System Time Synchronized.
[    3.849392] systemd[1]: Set up automount Arbitrary Executable File Formats File System Automount Point.
[[0;32m  OK  [0m] Set up automount Arbitrary Executab...ats File System Automount Point.
[    3.852947] systemd[1]: Listening on Device-mapper event daemon FIFOs.
[[0;32m  OK  [0m] Listening on Device-mapper event daemon FIFOs.
[    3.855625] systemd[1]: Reached target User and Group Name Lookups.
[[0;32m  OK  [0m] Reached target User and Group Name Lookups.
[    3.858025] systemd[1]: Listening on udev Kernel Socket.
[[0;32m  OK  [0m] Listening on udev Kernel Socket.
[    3.860118] systemd[1]: Started Trigger resolvconf update for networkd DNS.
[[0;32m  OK  [0m] Started Trigger resolvconf update for networkd DNS.
[    3.862955] systemd[1]: Created slice User and Session Slice.
[[0;32m  OK  [0m] Created slice User and Session Slice.
[    3.865069] systemd[1]: Listening on Syslog Socket.
[[0;32m  OK  [0m] Listening on Syslog Socket.
[    3.866877] systemd[1]: Listening on udev Control Socket.
[[0;32m  OK  [0m] Listening on udev Control Socket.
[    3.868812] systemd[1]: Reached target Swap.
[[0;32m  OK  [0m] Reached target Swap.
[    3.870711] systemd[1]: Created slice System Slice.
[[0;32m  OK  [0m] Created slice System Slice.
[    3.872510] systemd[1]: Reached target Slices.
[[0;32m  OK  [0m] Reached target Slices.
[    3.874384] systemd[1]: Created slice system-serial\x2dgetty.slice.
[[0;32m  OK  [0m] Created slice system-serial\x2dgetty.slice.
[    3.876517] systemd[1]: Listening on Journal Audit Socket.
[[0;32m  OK  [0m] Listening on Journal Audit Socket.
[    3.878829] systemd[1]: Listening on Journal Socket.
[[0;32m  OK  [0m] Listening on Journal Socket.
[    3.893077] systemd[1]: Mounting POSIX Message Queue File System...
         Mounting POSIX Message Queue File System...
[    3.901196] systemd[1]: Starting Journal Service...
         Starting Journal Service...
[    3.903895] systemd[1]: Starting Create list of required static device nodes for the current kernel...
         Starting Create list of required st... nodes for the current kernel...
[    3.909558] systemd[1]: Starting Uncomplicated firewall...
         Starting Uncomplicated firewall...
[    3.912412] systemd[1]: Mounting Debug File System...
         Mounting Debug File System...
[    3.916731] systemd[1]: Starting Nameserver information manager...
         Starting Nameserver information manager...
[    3.926558] systemd[1]: Starting Load Kernel Modules...
         Starting Load Kernel Modules...
[    3.933422] Loading iSCSI transport class v2.0-870.
[    3.937217] systemd[1]: Starting Remount Root and Kernel File Systems...
         Starting Remount Root and Kernel File Systems...
[    3.939682] iscsi: registered transport (tcp)
[    3.941711] systemd[1]: Starting Monitoring of LVM2 mirrors, snapshots etc. using dmeventd or progress polling...
         Starting Monitoring of LVM2 mirrors... dmeventd or progress polling...
[    3.946706] EXT4-fs (sda1): re-mounted. Opts: (null)
[    3.947802] systemd[1]: Mounting Huge Pages File System...
         Mounting Huge Pages File System...
[    3.953607] systemd[1]: Starting Set console keymap...
         Starting Set console keymap...
[    3.962583] systemd[1]: Mounted Debug File System.
[[0;32m  OK  [0m] Mounted Debug File System.
[    3.964926] systemd[1]: Mounted Huge Pages File System.
[[0;32m  OK  [0m] Mounted Huge Pages File System.
[    3.967365] systemd[1]: Mounted POSIX Message Queue File System.
[[0;32m  OK  [0m] Mounted POSIX Message Queue File System.
[    3.980704] systemd[1]: Started Journal Service.
[[0;32m  OK  [0m] Started Journal Service.
[    3.984716] iscsi: registered transport (iser)
[[0;32m  OK  [0m] Started Create list of required sta...ce nodes for the current kernel.
[[0;32m  OK  [0m] Started Uncomplicated firewall.
[[0;32m  OK  [0m] Started Load Kernel Modules.
[[0;32m  OK  [0m] Started Remount Root and Kernel File Systems.
[[0;32m  OK  [0m] Started Set console keymap.
[[0;32m  OK  [0m] Started Nameserver information manager.
[[0;32m  OK  [0m] Started LVM2 metadata daemon.
         Starting Load/Save Random Seed...
         Starting udev Coldplug all Devices...
         Mounting FUSE Control File System...
         Starting Apply Kernel Variables...
         Starting Create Static Device Nodes in /dev...
         Starting Flush Journal to Persistent Storage...
[[0;32m  OK  [0m] Started Load/Save Random Seed.
[[0;32m  OK  [0m] Mounted FUSE Control File System.
[[0;32m  OK  [0m] Started Apply Kernel Variables.
[[0;32m  OK  [0m] Started Flush Journal to Persistent Storage.
[[0;32m  OK  [0m] Started Create Static Device Nodes in /dev.
         Starting udev Kernel Device Manager...
[[0;32m  OK  [0m] Started udev Kernel Device Manager.
[[0;32m  OK  [0m] Started udev Coldplug all Devices.
[[0;32m  OK  [0m] Started Dispatch Password Requests to Console Directory Watch.
[[0;32m  OK  [0m] Started Monitoring of LVM2 mirrors,...ng dmeventd or progress polling.
[[0;32m  OK  [0m] Reached target Local File Systems (Pre).
[[0;32m  OK  [0m] Reached target Local File Systems.
         Starting LSB: AppArmor initialization...
         Starting Initial cloud-init job (pre-networking)...
         Starting Create Volatile Files and Directories...
         Starting Tell Plymouth To Write Out Runtime Data...
         Starting Set console font and keymap...
[[0;32m  OK  [0m] Started Create Volatile Files and Directories.
         Starting Update UTMP about System Boot/Shutdown...
[[0;32m  OK  [0m] Started Tell Plymouth To Write Out Runtime Data.
[[0;32m  OK  [0m] Started Update UTMP about System Boot/Shutdown.
[[0;32m  OK  [0m] Found device /dev/ttyS0.
[[0;32m  OK  [0m] Started LSB: AppArmor initialization.
[[0;32m  OK  [0m] Started Set console font and keymap.
[[0;32m  OK  [0m] Created slice system-getty.slice.
[[0;32m  OK  [0m] Listening on Load/Save RF Kill Switch Status /dev/rfkill Watch.
[[0;32m  OK  [0m] Found device 82540EM Gigabit Ethern...r (PRO/1000 MT Desktop Adapter).
[    4.525849] cloud-init[495]: Cloud-init v. 19.3-41-gc4735dd3-0ubuntu1~16.04.1 running 'init-local' at Tue, 21 Jan 2020 07:17:25 +0000. Up 4.36 seconds.
[[0;32m  OK  [0m] Started Initial cloud-init job (pre-networking).
[[0;32m  OK  [0m] Reached target Network (Pre).
         Starting Raise network interfaces...
[[0;32m  OK  [0m] Started ifup for enp0s3.
[[0;32m  OK  [0m] Started Raise network interfaces.
[[0;32m  OK  [0m] Reached target Network.
         Starting Initial cloud-init job (metadata service crawler)...
[    5.033304] cloud-init[976]: Cloud-init v. 19.3-41-gc4735dd3-0ubuntu1~16.04.1 running 'init' at Tue, 21 Jan 2020 07:17:25 +0000. Up 4.87 seconds.
[    5.040759] cloud-init[976]: ci-info: ++++++++++++++++++++++++++++++++++++++Net device info++++++++++++++++++++++++++++++++++++++
[    5.042966] cloud-init[976]: ci-info: +--------+------+----------------------------+---------------+--------+-------------------+
[    5.044130] cloud-init[976]: ci-info: | Device |  Up  |          Address           |      Mask     | Scope  |     Hw-Address    |
[    5.045704] cloud-init[976]: ci-info: +--------+------+----------------------------+---------------+--------+-------------------+
[    5.047424] cloud-init[976]: ci-info: | enp0s3 | True |         10.0.2.15          | 255.255.255.0 | global | 02:e4:c4:97:dc:06 |
[    5.052445] cloud-init[976]: ci-info: | enp0s3 | True | fe80::e4:c4ff:fe97:dc06/64 |       .       |  link  | 02:e4:c4:97:dc:06 |
[    5.060823] cloud-init[976]: ci-info: |   lo   | True |         127.0.0.1          |   255.0.0.0   |  host  |         .         |
[    5.062572] cloud-init[976]: ci-info: |   lo   | True |          ::1/128           |       .       |  host  |         .         |
[    5.063899] cloud-init[976]: ci-info: +--------+------+----------------------------+---------------+--------+-------------------+
[[0;32m  OK  [0m] Started Initial cloud-init job (metadata service crawler).
[[0;32m  OK  [0m] Reached target Network is Online.
[    5.082674] cloud-init[976]: ci-info: +++++++++++++++++++++++++++Route IPv4 info++++++++++++++++++++++++++++
[    5.085549] cloud-init[976]: ci-info: +-------+-------------+----------+---------------+-----------+-------+
[    5.086786] cloud-init[976]: ci-info: | Route | Destination | Gateway  |    Genmask    | Interface | Flags |
[    5.087981] cloud-init[976]: ci-info: +-------+-------------+----------+---------------+-----------+-------+
[    5.101103] cloud-init[976]: ci-info: |   0   |   0.0.0.0   | 10.0.2.2 |    0.0.0.0    |   enp0s3  |   UG  |
[    5.103524]          cloud-initStarting iSCSI initiator daemon (iscsid)...[976]: 
ci-info: |   1   |   10.0.2.0  | 0.0.0.0  | 255.255.255.0 |   enp0s3  |   U   |
[    5.112732] [cloud-init[0;32m  OK  [0m[976]: ] ci-info: +-------+-------------+----------+---------------+-----------+-------+Reached target Cloud-config availability.

[[0;32m  OK  [0m] Reached target System Initialization.
[    5.113172] cloud-init[976]: ci-info: +++++++++++++++++++Route IPv6 info+++++++++++++++++++
[    5.120478] [cloud-init[0;32m  OK  [0m[976]: ] ci-info: +-------+-------------+---------+-----------+-------+Listening on ACPID Listen Socket.

         Starting Socket activation for snappy daemon.
[    5.120968] cloud-init[976]: ci-info: | Route | Destination | Gateway | Interface | Flags |
[    5.124148] [[0;32m  OK  [0m] Started Message of the Day.
[[0;32m  OK  [0m] Started Daily apt download activities.
cloud-init[976]: ci-info: +-------+-------------+---------+-----------+-------+
[    5.126691] [[0;32m  OK  [0m] Listening on UUID daemon activation socket.
cloud-init[976]: ci-info: |   0   |  fe80::/64  |    ::   |   enp0s3  |   U   |
         Starting LXD - unix socket.
[[0;32m  OK  [0m] Started Daily Cleanup of Temporary Directories.
[    5.128167] cloud-init[976]: [[0;32m  OK  [0m] Started ACPI Events Check.
[[0;32m  OK  [0m] Reached target Paths.
[[0;32m  OK  [0m] Listening on D-Bus System Message Bus Socket.
[[0;32m  OK  [0m] Started Daily apt upgrade and clean activities.
[[0;32m  OK  [0m] Reached target Timers.
ci-info: |   3   |   ff00::/8  |    ::   |   enp0s3  |   U   |
[    5.134745] cloud-init[976]: ci-info: +-------+-------------+---------+-----------+-------+
[[0;32m  OK  [0m] Listening on Socket activation for snappy daemon.
[[0;32m  OK  [0m] Listening on LXD - unix socket.
[[0;32m  OK  [0m] Started iSCSI initiator daemon (iscsid).
         Starting Login to default iSCSI targets...
[[0;32m  OK  [0m] Reached target Sockets.
[[0;32m  OK  [0m] Reached target Basic System.
         Starting vboxadd.service...
[[0;32m  OK  [0m] Started D-Bus System Message Bus.
[[0;32m  OK  [0m] Started ACPI event daemon.
[[0;32m  OK  [0m] Started FUSE filesystem for LXC.
         Starting Login Service...
         Starting LXD - container startup/shutdown...
         Starting Accounts Service...
[[0;32m  OK  [0m] Started Regular background program processing daemon.
         Starting OpenBSD Secure Shell server...
         Starting LSB: Record successful boot for GRUB...
         Starting System Logging Service...
         Starting Snappy daemon...
[[0;32m  OK  [0m] Started Deferred execution scheduler.
         Starting LSB: MD monitoring daemon...
         Starting /etc/rc.local Compatibility...
[[0;32m  OK  [0m] Started /etc/rc.local Compatibility.
[[0;32m  OK  [0m] Started Login to default iSCSI targets.
[[0;32m  OK  [0m] Started System Logging Service.
[[0;32m  OK  [0m] Reached target Remote File Systems (Pre).
[[0;32m  OK  [0m] Reached target Remote File Systems.
         Starting LSB: daemon to balance interrupts for SMP systems...
         Starting Permit User Sessions...
         Starting LSB: automatic crash report generation...
         Starting LSB: Set the CPU Frequency Scaling governor to "ondemand"...
[[0;32m  OK  [0m] Started Permit User Sessions.
         Starting Terminate Plymouth Boot Screen...
         Starting Hold until boot process finishes up...
[[0;32m  OK  [0m] Started Hold until boot process finishes up.
[[0;32m  OK  [0m] Started Login Service.
         Starting Authenticate and Authorize Users to Run Privileged Tasks...
[[0;32m  OK  [0m] Started Unattended Upgrades Shutdown.
[[0;32m  OK  [0m] Started Serial Getty on ttyS0.
         Starting Set console scheme...
[[0;32m  OK  [0m] Started Getty on tty1.
[[0;32m  OK  [0m] Reached target Login Prompts.
[[0;32m  OK  [0m] Started Terminate Plymouth Boot Screen.
[[0;32m  OK  [0m] Started Set console scheme.
[[0;32m  OK  [0m] Started LSB: automatic crash report generation.
[[0;32m  OK  [0m] Started LSB: Set the CPU Frequency Scaling governor to "ondemand".
[[0;32m  OK  [0m] Started LSB: Record successful boot for GRUB.
[[0;32m  OK  [0m] Started LSB: MD monitoring daemon.
[[0;32m  OK  [0m] Started OpenBSD Secure Shell server.
[[0;32m  OK  [0m] Started LSB: daemon to balance interrupts for SMP systems.
[[0;32m  OK  [0m] Started LXD - container startup/shutdown.
[[0;32m  OK  [0m] Started Authenticate and Authorize Users to Run Privileged Tasks.
[[0;32m  OK  [0m] Started Accounts Service.
[[0;32m  OK  [0m] Started Snappy daemon.
         Starting Wait until snapd is fully seeded...
[[0;32m  OK  [0m] Started Wait until snapd is fully seeded.
         Starting Apply the settings specified in cloud-config...
[    5.737558] cloud-init[1228]: Cloud-init v. 19.3-41-gc4735dd3-0ubuntu1~16.04.1 running 'modules:config' at Tue, 21 Jan 2020 07:17:26 +0000. Up 5.67 seconds.
[[0;32m  OK  [0m] Started vboxadd.service.
         Starting vboxadd-service.service...
[[0;32m  OK  [0m] Started Apply the settings specified in cloud-config.
[[0;32m  OK  [0m] Started vboxadd-service.service.
[[0;32m  OK  [0m] Reached target Multi-User System.
         Starting Execute cloud user/final scripts...
[[0;32m  OK  [0m] Reached target Graphical Interface.
         Starting Update UTMP about System Runlevel Changes...
[[0;32m  OK  [0m] Started Update UTMP about System Runlevel Changes.
[    6.039110] cloud-init[1303]: Cloud-init v. 19.3-41-gc4735dd3-0ubuntu1~16.04.1 running 'modules:final' at Tue, 21 Jan 2020 07:17:26 +0000. Up 5.97 seconds.
[    6.040724] cloud-init[1303]: Cloud-init v. 19.3-41-gc4735dd3-0ubuntu1~16.04.1 finished at Tue, 21 Jan 2020 07:17:26 +0000. Datasource DataSourceNoCloud [seed=/dev/sdb][dsmode=net].  Up 6.03 seconds
[[0;32m  OK  [0m] Started Execute cloud user/final scripts.
[[0;32m  OK  [0m] Reached target Cloud-init target.

Ubuntu 16.04.6 LTS ctf-tools ttyS0

ctf-tools login: 